# JRE version: Java(TM) SE Runtime Environment (8.0_66-b18) (build 1.8.0_66-b18)
# Java VM: Java HotSpot(TM) 64-Bit Server VM (25.66-b18 mixed mode windows-amd64 compressed oops)
Heap:
 PSYoungGen      total 204800K, used 21970K [0x00000000eb180000, 0x00000000fea00000, 0x0000000100000000)
  eden space 192000K, 4% used [0x00000000eb180000,0x00000000eba75b30,0x00000000f6d00000)
  from space 12800K, 99% used [0x00000000f6d00000,0x00000000f797efa0,0x00000000f7980000)
  to   space 16384K, 0% used [0x00000000fda00000,0x00000000fda00000,0x00000000fea00000)
 ParOldGen       total 45568K, used 22987K [0x00000000c1400000, 0x00000000c4080000, 0x00000000eb180000)
  object space 45568K, 50% used [0x00000000c1400000,0x00000000c2a72fa8,0x00000000c4080000)
 Metaspace       used 46312K, capacity 47450K, committed 47744K, reserved 1089536K
  class space    used 6386K, capacity 6716K, committed 6784K, reserved 1048576K
GC Heap History (10 events):
Event: 5.654 GC heap before
{Heap before GC invocations=9 (full 1):
 PSYoungGen      total 73728K, used 65024K [0x00000000eb180000, 0x00000000f4180000, 0x0000000100000000)
  eden space 65024K, 100% used [0x00000000eb180000,0x00000000ef100000,0x00000000ef100000)
  from space 8704K, 0% used [0x00000000ef100000,0x00000000ef100000,0x00000000ef980000)
  to   space 8704K, 0% used [0x00000000f3900000,0x00000000f3900000,0x00000000f4180000)
 ParOldGen       total 33280K, used 10253K [0x00000000c1400000, 0x00000000c3480000, 0x00000000eb180000)
  object space 33280K, 30% used [0x00000000c1400000,0x00000000c1e03630,0x00000000c3480000)
 Metaspace       used 25766K, capacity 26076K, committed 26368K, reserved 1071104K
  class space    used 3617K, capacity 3716K, committed 3840K, reserved 1048576K
Event: 5.663 GC heap after
Heap after GC invocations=9 (full 1):
 PSYoungGen      total 131584K, used 6318K [0x00000000eb180000, 0x00000000f3f80000, 0x0000000100000000)
  eden space 124928K, 0% used [0x00000000eb180000,0x00000000eb180000,0x00000000f2b80000)
  from space 6656K, 94% used [0x00000000f3900000,0x00000000f3f2bb30,0x00000000f3f80000)
  to   space 8704K, 0% used [0x00000000f2e80000,0x00000000f2e80000,0x00000000f3700000)
 ParOldGen       total 33280K, used 10253K [0x00000000c1400000, 0x00000000c3480000, 0x00000000eb180000)
  object space 33280K, 30% used [0x00000000c1400000,0x00000000c1e03630,0x00000000c3480000)
 Metaspace       used 25766K, capacity 26076K, committed 26368K, reserved 1071104K
  class space    used 3617K, capacity 3716K, committed 3840K, reserved 1048576K
}
Event: 10.584 GC heap before
{Heap before GC invocations=10 (full 1):
 PSYoungGen      total 131584K, used 131246K [0x00000000eb180000, 0x00000000f3f80000, 0x0000000100000000)
  eden space 124928K, 100% used [0x00000000eb180000,0x00000000f2b80000,0x00000000f2b80000)
  from space 6656K, 94% used [0x00000000f3900000,0x00000000f3f2bb30,0x00000000f3f80000)
  to   space 8704K, 0% used [0x00000000f2e80000,0x00000000f2e80000,0x00000000f3700000)
 ParOldGen       total 33280K, used 10253K [0x00000000c1400000, 0x00000000c3480000, 0x00000000eb180000)
  object space 33280K, 30% used [0x00000000c1400000,0x00000000c1e03630,0x00000000c3480000)
 Metaspace       used 34003K, capacity 34558K, committed 35072K, reserved 1079296K
  class space    used 4629K, capacity 4768K, committed 4864K, reserved 1048576K
Event: 10.616 GC heap after
Heap after GC invocations=10 (full 1):
 PSYoungGen      total 136704K, used 8678K [0x00000000eb180000, 0x00000000f8580000, 0x0000000100000000)
  eden space 128000K, 0% used [0x00000000eb180000,0x00000000eb180000,0x00000000f2e80000)
  from space 8704K, 99% used [0x00000000f2e80000,0x00000000f36f9ab8,0x00000000f3700000)
  to   space 12288K, 0% used [0x00000000f7980000,0x00000000f7980000,0x00000000f8580000)
 ParOldGen       total 33280K, used 15534K [0x00000000c1400000, 0x00000000c3480000, 0x00000000eb180000)
  object space 33280K, 46% used [0x00000000c1400000,0x00000000c232ba48,0x00000000c3480000)
 Metaspace       used 34003K, capacity 34558K, committed 35072K, reserved 1079296K
  class space    used 4629K, capacity 4768K, committed 4864K, reserved 1048576K
}
Event: 11.063 GC heap before
{Heap before GC invocations=11 (full 1):
 PSYoungGen      total 136704K, used 34116K [0x00000000eb180000, 0x00000000f8580000, 0x0000000100000000)
  eden space 128000K, 19% used [0x00000000eb180000,0x00000000eca57918,0x00000000f2e80000)
  from space 8704K, 99% used [0x00000000f2e80000,0x00000000f36f9ab8,0x00000000f3700000)
  to   space 12288K, 0% used [0x00000000f7980000,0x00000000f7980000,0x00000000f8580000)
 ParOldGen       total 33280K, used 15534K [0x00000000c1400000, 0x00000000c3480000, 0x00000000eb180000)
  object space 33280K, 46% used [0x00000000c1400000,0x00000000c232ba48,0x00000000c3480000)
 Metaspace       used 34575K, capacity 35154K, committed 35456K, reserved 1079296K
  class space    used 4729K, capacity 4924K, committed 4992K, reserved 1048576K
Event: 11.077 GC heap after
Heap after GC invocations=11 (full 1):
 PSYoungGen      total 204288K, used 10066K [0x00000000eb180000, 0x00000000f8980000, 0x0000000100000000)
  eden space 192000K, 0% used [0x00000000eb180000,0x00000000eb180000,0x00000000f6d00000)
  from space 12288K, 81% used [0x00000000f7980000,0x00000000f8354a98,0x00000000f8580000)
  to   space 12800K, 0% used [0x00000000f6d00000,0x00000000f6d00000,0x00000000f7980000)
 ParOldGen       total 33280K, used 17195K [0x00000000c1400000, 0x00000000c3480000, 0x00000000eb180000)
  object space 33280K, 51% used [0x00000000c1400000,0x00000000c24caf00,0x00000000c3480000)
 Metaspace       used 34575K, capacity 35154K, committed 35456K, reserved 1079296K
  class space    used 4729K, capacity 4924K, committed 4992K, reserved 1048576K
}
Event: 11.077 GC heap before
{Heap before GC invocations=12 (full 2):
 PSYoungGen      total 204288K, used 10066K [0x00000000eb180000, 0x00000000f8980000, 0x0000000100000000)
  eden space 192000K, 0% used [0x00000000eb180000,0x00000000eb180000,0x00000000f6d00000)
  from space 12288K, 81% used [0x00000000f7980000,0x00000000f8354a98,0x00000000f8580000)
  to   space 12800K, 0% used [0x00000000f6d00000,0x00000000f6d00000,0x00000000f7980000)
 ParOldGen       total 33280K, used 17195K [0x00000000c1400000, 0x00000000c3480000, 0x00000000eb180000)
  object space 33280K, 51% used [0x00000000c1400000,0x00000000c24caf00,0x00000000c3480000)
 Metaspace       used 34575K, capacity 35154K, committed 35456K, reserved 1079296K
  class space    used 4729K, capacity 4924K, committed 4992K, reserved 1048576K
Event: 11.182 GC heap after
Heap after GC invocations=12 (full 2):
 PSYoungGen      total 204288K, used 0K [0x00000000eb180000, 0x00000000f8980000, 0x0000000100000000)
  eden space 192000K, 0% used [0x00000000eb180000,0x00000000eb180000,0x00000000f6d00000)
  from space 12288K, 0% used [0x00000000f7980000,0x00000000f7980000,0x00000000f8580000)
  to   space 12800K, 0% used [0x00000000f6d00000,0x00000000f6d00000,0x00000000f7980000)
 ParOldGen       total 45568K, used 19108K [0x00000000c1400000, 0x00000000c4080000, 0x00000000eb180000)
  object space 45568K, 41% used [0x00000000c1400000,0x00000000c26a93c8,0x00000000c4080000)
 Metaspace       used 34575K, capacity 35154K, committed 35456K, reserved 1079296K
  class space    used 4729K, capacity 4924K, committed 4992K, reserved 1048576K
}
Event: 19.184 GC heap before
{Heap before GC invocations=13 (full 2):
 PSYoungGen      total 204288K, used 192000K [0x00000000eb180000, 0x00000000f8980000, 0x0000000100000000)
  eden space 192000K, 100% used [0x00000000eb180000,0x00000000f6d00000,0x00000000f6d00000)
  from space 12288K, 0% used [0x00000000f7980000,0x00000000f7980000,0x00000000f8580000)
  to   space 12800K, 0% used [0x00000000f6d00000,0x00000000f6d00000,0x00000000f7980000)
 ParOldGen       total 45568K, used 19108K [0x00000000c1400000, 0x00000000c4080000, 0x00000000eb180000)
  object space 45568K, 41% used [0x00000000c1400000,0x00000000c26a93c8,0x00000000c4080000)
 Metaspace       used 45809K, capacity 47014K, committed 47104K, reserved 1089536K
  class space    used 6309K, capacity 6636K, committed 6656K, reserved 1048576K
Event: 19.215 GC heap after
Heap after GC invocations=13 (full 2):
 PSYoungGen      total 204800K, used 12795K [0x00000000eb180000, 0x00000000fea00000, 0x0000000100000000)
  eden space 192000K, 0% used [0x00000000eb180000,0x00000000eb180000,0x00000000f6d00000)
  from space 12800K, 99% used [0x00000000f6d00000,0x00000000f797efa0,0x00000000f7980000)
  to   space 16384K, 0% used [0x00000000fda00000,0x00000000fda00000,0x00000000fea00000)
 ParOldGen       total 45568K, used 22987K [0x00000000c1400000, 0x00000000c4080000, 0x00000000eb180000)
  object space 45568K, 50% used [0x00000000c1400000,0x00000000c2a72fa8,0x00000000c4080000)
 Metaspace       used 45809K, capacity 47014K, committed 47104K, reserved 1089536K
  class space    used 6309K, capacity 6636K, committed 6656K, reserved 1048576K
}

