# JRE version: Java(TM) SE Runtime Environment (8.0_66-b18) (build 1.8.0_66-b18)
# Java VM: Java HotSpot(TM) 64-Bit Server VM (25.66-b18 mixed mode windows-amd64 compressed oops)
Heap:
 PSYoungGen      total 161792K, used 45317K [0x00000000eb180000, 0x00000000f9280000, 0x0000000100000000)
  eden space 149504K, 22% used [0x00000000eb180000,0x00000000ed28eb78,0x00000000f4380000)
  from space 12288K, 93% used [0x00000000f4380000,0x00000000f4eb2ac0,0x00000000f4f80000)
  to   space 13824K, 0% used [0x00000000f8500000,0x00000000f8500000,0x00000000f9280000)
 ParOldGen       total 53248K, used 19287K [0x00000000c1400000, 0x00000000c4800000, 0x00000000eb180000)
  object space 53248K, 36% used [0x00000000c1400000,0x00000000c26d5c68,0x00000000c4800000)
 Metaspace       used 45435K, capacity 46596K, committed 46848K, reserved 1089536K
  class space    used 6244K, capacity 6561K, committed 6656K, reserved 1048576K
GC Heap History (10 events):
Event: 9.592 GC heap before
{Heap before GC invocations=9 (full 1):
 PSYoungGen      total 73728K, used 65024K [0x00000000eb180000, 0x00000000f4180000, 0x0000000100000000)
  eden space 65024K, 100% used [0x00000000eb180000,0x00000000ef100000,0x00000000ef100000)
  from space 8704K, 0% used [0x00000000ef100000,0x00000000ef100000,0x00000000ef980000)
  to   space 8704K, 0% used [0x00000000f3900000,0x00000000f3900000,0x00000000f4180000)
 ParOldGen       total 36352K, used 10404K [0x00000000c1400000, 0x00000000c3780000, 0x00000000eb180000)
  object space 36352K, 28% used [0x00000000c1400000,0x00000000c1e29120,0x00000000c3780000)
 Metaspace       used 25831K, capacity 26196K, committed 26624K, reserved 1073152K
  class space    used 3623K, capacity 3752K, committed 3840K, reserved 1048576K
Event: 9.598 GC heap after
Heap after GC invocations=9 (full 1):
 PSYoungGen      total 116224K, used 6284K [0x00000000eb180000, 0x00000000f3f80000, 0x0000000100000000)
  eden space 109568K, 0% used [0x00000000eb180000,0x00000000eb180000,0x00000000f1c80000)
  from space 6656K, 94% used [0x00000000f3900000,0x00000000f3f230a8,0x00000000f3f80000)
  to   space 8704K, 0% used [0x00000000f2e80000,0x00000000f2e80000,0x00000000f3700000)
 ParOldGen       total 36352K, used 10476K [0x00000000c1400000, 0x00000000c3780000, 0x00000000eb180000)
  object space 36352K, 28% used [0x00000000c1400000,0x00000000c1e3b130,0x00000000c3780000)
 Metaspace       used 25831K, capacity 26196K, committed 26624K, reserved 1073152K
  class space    used 3623K, capacity 3752K, committed 3840K, reserved 1048576K
}
Event: 21.697 GC heap before
{Heap before GC invocations=10 (full 1):
 PSYoungGen      total 116224K, used 115852K [0x00000000eb180000, 0x00000000f3f80000, 0x0000000100000000)
  eden space 109568K, 100% used [0x00000000eb180000,0x00000000f1c80000,0x00000000f1c80000)
  from space 6656K, 94% used [0x00000000f3900000,0x00000000f3f230a8,0x00000000f3f80000)
  to   space 8704K, 0% used [0x00000000f2e80000,0x00000000f2e80000,0x00000000f3700000)
 ParOldGen       total 36352K, used 10476K [0x00000000c1400000, 0x00000000c3780000, 0x00000000eb180000)
  object space 36352K, 28% used [0x00000000c1400000,0x00000000c1e3b130,0x00000000c3780000)
 Metaspace       used 33794K, capacity 34264K, committed 34688K, reserved 1079296K
  class space    used 4599K, capacity 4735K, committed 4736K, reserved 1048576K
Event: 21.718 GC heap after
Heap after GC invocations=10 (full 1):
 PSYoungGen      total 136704K, used 8682K [0x00000000eb180000, 0x00000000f5a80000, 0x0000000100000000)
  eden space 128000K, 0% used [0x00000000eb180000,0x00000000eb180000,0x00000000f2e80000)
  from space 8704K, 99% used [0x00000000f2e80000,0x00000000f36fa9e0,0x00000000f3700000)
  to   space 11264K, 0% used [0x00000000f4f80000,0x00000000f4f80000,0x00000000f5a80000)
 ParOldGen       total 36352K, used 14140K [0x00000000c1400000, 0x00000000c3780000, 0x00000000eb180000)
  object space 36352K, 38% used [0x00000000c1400000,0x00000000c21cf058,0x00000000c3780000)
 Metaspace       used 33794K, capacity 34264K, committed 34688K, reserved 1079296K
  class space    used 4599K, capacity 4735K, committed 4736K, reserved 1048576K
}
Event: 22.807 GC heap before
{Heap before GC invocations=11 (full 1):
 PSYoungGen      total 136704K, used 47161K [0x00000000eb180000, 0x00000000f5a80000, 0x0000000100000000)
  eden space 128000K, 30% used [0x00000000eb180000,0x00000000ed713e00,0x00000000f2e80000)
  from space 8704K, 99% used [0x00000000f2e80000,0x00000000f36fa9e0,0x00000000f3700000)
  to   space 11264K, 0% used [0x00000000f4f80000,0x00000000f4f80000,0x00000000f5a80000)
 ParOldGen       total 36352K, used 14140K [0x00000000c1400000, 0x00000000c3780000, 0x00000000eb180000)
  object space 36352K, 38% used [0x00000000c1400000,0x00000000c21cf058,0x00000000c3780000)
 Metaspace       used 34664K, capacity 35218K, committed 35456K, reserved 1079296K
  class space    used 4739K, capacity 4924K, committed 4992K, reserved 1048576K
Event: 22.840 GC heap after
Heap after GC invocations=11 (full 1):
 PSYoungGen      total 160768K, used 10383K [0x00000000eb180000, 0x00000000f7700000, 0x0000000100000000)
  eden space 149504K, 0% used [0x00000000eb180000,0x00000000eb180000,0x00000000f4380000)
  from space 11264K, 92% used [0x00000000f4f80000,0x00000000f59a3ff8,0x00000000f5a80000)
  to   space 12288K, 0% used [0x00000000f4380000,0x00000000f4380000,0x00000000f4f80000)
 ParOldGen       total 36352K, used 15876K [0x00000000c1400000, 0x00000000c3780000, 0x00000000eb180000)
  object space 36352K, 43% used [0x00000000c1400000,0x00000000c23810f0,0x00000000c3780000)
 Metaspace       used 34664K, capacity 35218K, committed 35456K, reserved 1079296K
  class space    used 4739K, capacity 4924K, committed 4992K, reserved 1048576K
}
Event: 22.840 GC heap before
{Heap before GC invocations=12 (full 2):
 PSYoungGen      total 160768K, used 10383K [0x00000000eb180000, 0x00000000f7700000, 0x0000000100000000)
  eden space 149504K, 0% used [0x00000000eb180000,0x00000000eb180000,0x00000000f4380000)
  from space 11264K, 92% used [0x00000000f4f80000,0x00000000f59a3ff8,0x00000000f5a80000)
  to   space 12288K, 0% used [0x00000000f4380000,0x00000000f4380000,0x00000000f4f80000)
 ParOldGen       total 36352K, used 15876K [0x00000000c1400000, 0x00000000c3780000, 0x00000000eb180000)
  object space 36352K, 43% used [0x00000000c1400000,0x00000000c23810f0,0x00000000c3780000)
 Metaspace       used 34664K, capacity 35218K, committed 35456K, reserved 1079296K
  class space    used 4739K, capacity 4924K, committed 4992K, reserved 1048576K
Event: 23.049 GC heap after
Heap after GC invocations=12 (full 2):
 PSYoungGen      total 160768K, used 0K [0x00000000eb180000, 0x00000000f7700000, 0x0000000100000000)
  eden space 149504K, 0% used [0x00000000eb180000,0x00000000eb180000,0x00000000f4380000)
  from space 11264K, 0% used [0x00000000f4f80000,0x00000000f4f80000,0x00000000f5a80000)
  to   space 12288K, 0% used [0x00000000f4380000,0x00000000f4380000,0x00000000f4f80000)
 ParOldGen       total 53248K, used 19215K [0x00000000c1400000, 0x00000000c4800000, 0x00000000eb180000)
  object space 53248K, 36% used [0x00000000c1400000,0x00000000c26c3c58,0x00000000c4800000)
 Metaspace       used 34664K, capacity 35218K, committed 35456K, reserved 1079296K
  class space    used 4739K, capacity 4924K, committed 4992K, reserved 1048576K
}
Event: 34.356 GC heap before
{Heap before GC invocations=13 (full 2):
 PSYoungGen      total 160768K, used 149504K [0x00000000eb180000, 0x00000000f7700000, 0x0000000100000000)
  eden space 149504K, 100% used [0x00000000eb180000,0x00000000f4380000,0x00000000f4380000)
  from space 11264K, 0% used [0x00000000f4f80000,0x00000000f4f80000,0x00000000f5a80000)
  to   space 12288K, 0% used [0x00000000f4380000,0x00000000f4380000,0x00000000f4f80000)
 ParOldGen       total 53248K, used 19215K [0x00000000c1400000, 0x00000000c4800000, 0x00000000eb180000)
  object space 53248K, 36% used [0x00000000c1400000,0x00000000c26c3c58,0x00000000c4800000)
 Metaspace       used 44001K, capacity 44894K, committed 45056K, reserved 1087488K
  class space    used 6013K, capacity 6284K, committed 6400K, reserved 1048576K
Event: 34.376 GC heap after
Heap after GC invocations=13 (full 2):
 PSYoungGen      total 161792K, used 11466K [0x00000000eb180000, 0x00000000f9280000, 0x0000000100000000)
  eden space 149504K, 0% used [0x00000000eb180000,0x00000000eb180000,0x00000000f4380000)
  from space 12288K, 93% used [0x00000000f4380000,0x00000000f4eb2ac0,0x00000000f4f80000)
  to   space 13824K, 0% used [0x00000000f8500000,0x00000000f8500000,0x00000000f9280000)
 ParOldGen       total 53248K, used 19287K [0x00000000c1400000, 0x00000000c4800000, 0x00000000eb180000)
  object space 53248K, 36% used [0x00000000c1400000,0x00000000c26d5c68,0x00000000c4800000)
 Metaspace       used 44001K, capacity 44894K, committed 45056K, reserved 1087488K
  class space    used 6013K, capacity 6284K, committed 6400K, reserved 1048576K
}

