# JRE version: Java(TM) SE Runtime Environment (8.0_66-b18) (build 1.8.0_66-b18)
# Java VM: Java HotSpot(TM) 64-Bit Server VM (25.66-b18 mixed mode windows-amd64 compressed oops)
Heap:
 PSYoungGen      total 136704K, used 76853K [0x00000000eb180000, 0x00000000f7400000, 0x0000000100000000)
  eden space 128000K, 53% used [0x00000000eb180000,0x00000000ef4bb360,0x00000000f2e80000)
  from space 8704K, 92% used [0x00000000f2e80000,0x00000000f3652448,0x00000000f3700000)
  to   space 13312K, 0% used [0x00000000f6700000,0x00000000f6700000,0x00000000f7400000)
 ParOldGen       total 49152K, used 19260K [0x00000000c1400000, 0x00000000c4400000, 0x00000000eb180000)
  object space 49152K, 39% used [0x00000000c1400000,0x00000000c26cf178,0x00000000c4400000)
 Metaspace       used 45592K, capacity 46674K, committed 46848K, reserved 1089536K
  class space    used 6270K, capacity 6564K, committed 6656K, reserved 1048576K
GC Heap History (10 events):
Event: 7.509 GC heap before
{Heap before GC invocations=9 (full 1):
 PSYoungGen      total 73728K, used 65024K [0x00000000eb180000, 0x00000000f4180000, 0x0000000100000000)
  eden space 65024K, 100% used [0x00000000eb180000,0x00000000ef100000,0x00000000ef100000)
  from space 8704K, 0% used [0x00000000ef100000,0x00000000ef100000,0x00000000ef980000)
  to   space 8704K, 0% used [0x00000000f3900000,0x00000000f3900000,0x00000000f4180000)
 ParOldGen       total 34304K, used 10245K [0x00000000c1400000, 0x00000000c3580000, 0x00000000eb180000)
  object space 34304K, 29% used [0x00000000c1400000,0x00000000c1e015b0,0x00000000c3580000)
 Metaspace       used 25808K, capacity 26172K, committed 26368K, reserved 1071104K
  class space    used 3619K, capacity 3748K, committed 3840K, reserved 1048576K
Event: 7.516 GC heap after
Heap after GC invocations=9 (full 1):
 PSYoungGen      total 124928K, used 6266K [0x00000000eb180000, 0x00000000f3f80000, 0x0000000100000000)
  eden space 118272K, 0% used [0x00000000eb180000,0x00000000eb180000,0x00000000f2500000)
  from space 6656K, 94% used [0x00000000f3900000,0x00000000f3f1eaa0,0x00000000f3f80000)
  to   space 8704K, 0% used [0x00000000f2e80000,0x00000000f2e80000,0x00000000f3700000)
 ParOldGen       total 34304K, used 10317K [0x00000000c1400000, 0x00000000c3580000, 0x00000000eb180000)
  object space 34304K, 30% used [0x00000000c1400000,0x00000000c1e135c0,0x00000000c3580000)
 Metaspace       used 25808K, capacity 26172K, committed 26368K, reserved 1071104K
  class space    used 3619K, capacity 3748K, committed 3840K, reserved 1048576K
}
Event: 18.174 GC heap before
{Heap before GC invocations=10 (full 1):
 PSYoungGen      total 124928K, used 124344K [0x00000000eb180000, 0x00000000f3f80000, 0x0000000100000000)
  eden space 118272K, 99% used [0x00000000eb180000,0x00000000f24cf660,0x00000000f2500000)
  from space 6656K, 94% used [0x00000000f3900000,0x00000000f3f1eaa0,0x00000000f3f80000)
  to   space 8704K, 0% used [0x00000000f2e80000,0x00000000f2e80000,0x00000000f3700000)
 ParOldGen       total 34304K, used 10317K [0x00000000c1400000, 0x00000000c3580000, 0x00000000eb180000)
  object space 34304K, 30% used [0x00000000c1400000,0x00000000c1e135c0,0x00000000c3580000)
 Metaspace       used 33952K, capacity 34488K, committed 34816K, reserved 1079296K
  class space    used 4622K, capacity 4767K, committed 4864K, reserved 1048576K
Event: 18.197 GC heap after
Heap after GC invocations=10 (full 1):
 PSYoungGen      total 126976K, used 8702K [0x00000000eb180000, 0x00000000f3f80000, 0x0000000100000000)
  eden space 118272K, 0% used [0x00000000eb180000,0x00000000eb180000,0x00000000f2500000)
  from space 8704K, 99% used [0x00000000f2e80000,0x00000000f36ffa60,0x00000000f3700000)
  to   space 6656K, 0% used [0x00000000f3900000,0x00000000f3900000,0x00000000f3f80000)
 ParOldGen       total 34304K, used 15094K [0x00000000c1400000, 0x00000000c3580000, 0x00000000eb180000)
  object space 34304K, 44% used [0x00000000c1400000,0x00000000c22bd808,0x00000000c3580000)
 Metaspace       used 33952K, capacity 34488K, committed 34816K, reserved 1079296K
  class space    used 4622K, capacity 4767K, committed 4864K, reserved 1048576K
}
Event: 19.707 GC heap before
{Heap before GC invocations=11 (full 1):
 PSYoungGen      total 126976K, used 41546K [0x00000000eb180000, 0x00000000f3f80000, 0x0000000100000000)
  eden space 118272K, 27% used [0x00000000eb180000,0x00000000ed192fa8,0x00000000f2500000)
  from space 8704K, 99% used [0x00000000f2e80000,0x00000000f36ffa60,0x00000000f3700000)
  to   space 6656K, 0% used [0x00000000f3900000,0x00000000f3900000,0x00000000f3f80000)
 ParOldGen       total 34304K, used 15094K [0x00000000c1400000, 0x00000000c3580000, 0x00000000eb180000)
  object space 34304K, 44% used [0x00000000c1400000,0x00000000c22bd808,0x00000000c3580000)
 Metaspace       used 34670K, capacity 35218K, committed 35456K, reserved 1079296K
  class space    used 4736K, capacity 4924K, committed 4992K, reserved 1048576K
Event: 19.735 GC heap after
Heap after GC invocations=11 (full 1):
 PSYoungGen      total 124928K, used 6642K [0x00000000eb180000, 0x00000000f3f80000, 0x0000000100000000)
  eden space 118272K, 0% used [0x00000000eb180000,0x00000000eb180000,0x00000000f2500000)
  from space 6656K, 99% used [0x00000000f3900000,0x00000000f3f7ca98,0x00000000f3f80000)
  to   space 8704K, 0% used [0x00000000f2e80000,0x00000000f2e80000,0x00000000f3700000)
 ParOldGen       total 34304K, used 20490K [0x00000000c1400000, 0x00000000c3580000, 0x00000000eb180000)
  object space 34304K, 59% used [0x00000000c1400000,0x00000000c2802aa8,0x00000000c3580000)
 Metaspace       used 34670K, capacity 35218K, committed 35456K, reserved 1079296K
  class space    used 4736K, capacity 4924K, committed 4992K, reserved 1048576K
}
Event: 19.735 GC heap before
{Heap before GC invocations=12 (full 2):
 PSYoungGen      total 124928K, used 6642K [0x00000000eb180000, 0x00000000f3f80000, 0x0000000100000000)
  eden space 118272K, 0% used [0x00000000eb180000,0x00000000eb180000,0x00000000f2500000)
  from space 6656K, 99% used [0x00000000f3900000,0x00000000f3f7ca98,0x00000000f3f80000)
  to   space 8704K, 0% used [0x00000000f2e80000,0x00000000f2e80000,0x00000000f3700000)
 ParOldGen       total 34304K, used 20490K [0x00000000c1400000, 0x00000000c3580000, 0x00000000eb180000)
  object space 34304K, 59% used [0x00000000c1400000,0x00000000c2802aa8,0x00000000c3580000)
 Metaspace       used 34670K, capacity 35218K, committed 35456K, reserved 1079296K
  class space    used 4736K, capacity 4924K, committed 4992K, reserved 1048576K
Event: 19.884 GC heap after
Heap after GC invocations=12 (full 2):
 PSYoungGen      total 124928K, used 0K [0x00000000eb180000, 0x00000000f3f80000, 0x0000000100000000)
  eden space 118272K, 0% used [0x00000000eb180000,0x00000000eb180000,0x00000000f2500000)
  from space 6656K, 0% used [0x00000000f3900000,0x00000000f3900000,0x00000000f3f80000)
  to   space 8704K, 0% used [0x00000000f2e80000,0x00000000f2e80000,0x00000000f3700000)
 ParOldGen       total 49152K, used 19180K [0x00000000c1400000, 0x00000000c4400000, 0x00000000eb180000)
  object space 49152K, 39% used [0x00000000c1400000,0x00000000c26bb150,0x00000000c4400000)
 Metaspace       used 34670K, capacity 35218K, committed 35456K, reserved 1079296K
  class space    used 4736K, capacity 4924K, committed 4992K, reserved 1048576K
}
Event: 27.269 GC heap before
{Heap before GC invocations=13 (full 2):
 PSYoungGen      total 124928K, used 118272K [0x00000000eb180000, 0x00000000f3f80000, 0x0000000100000000)
  eden space 118272K, 100% used [0x00000000eb180000,0x00000000f2500000,0x00000000f2500000)
  from space 6656K, 0% used [0x00000000f3900000,0x00000000f3900000,0x00000000f3f80000)
  to   space 8704K, 0% used [0x00000000f2e80000,0x00000000f2e80000,0x00000000f3700000)
 ParOldGen       total 49152K, used 19180K [0x00000000c1400000, 0x00000000c4400000, 0x00000000eb180000)
  object space 49152K, 39% used [0x00000000c1400000,0x00000000c26bb150,0x00000000c4400000)
 Metaspace       used 42676K, capacity 43354K, committed 43520K, reserved 1087488K
  class space    used 5812K, capacity 6028K, committed 6144K, reserved 1048576K
Event: 27.278 GC heap after
Heap after GC invocations=13 (full 2):
 PSYoungGen      total 136704K, used 8009K [0x00000000eb180000, 0x00000000f7400000, 0x0000000100000000)
  eden space 128000K, 0% used [0x00000000eb180000,0x00000000eb180000,0x00000000f2e80000)
  from space 8704K, 92% used [0x00000000f2e80000,0x00000000f3652448,0x00000000f3700000)
  to   space 13312K, 0% used [0x00000000f6700000,0x00000000f6700000,0x00000000f7400000)
 ParOldGen       total 49152K, used 19260K [0x00000000c1400000, 0x00000000c4400000, 0x00000000eb180000)
  object space 49152K, 39% used [0x00000000c1400000,0x00000000c26cf178,0x00000000c4400000)
 Metaspace       used 42676K, capacity 43354K, committed 43520K, reserved 1087488K
  class space    used 5812K, capacity 6028K, committed 6144K, reserved 1048576K
}

